<?xml version="1.0" encoding="UTF-8"?>
<!-- Generated by org.testng.reporters.JUnitXMLReporter -->
<testsuite ignored="4" hostname="LAPTOP-GVCVA9N0" failures="0" tests="1" name="Default test" time="59.556" errors="0" timestamp="2023-07-21T13:48:24 ICT">
  <testcase classname="orangeHRM.deleteCustomer" name="TC_OHRM_DC_05" time="18.226"/>
  <testcase classname="orangeHRM.deleteCustomer" name="TC_OHRM_DC_03" time="0.0">
    <ignored/>
  </testcase> <!-- TC_OHRM_DC_03 -->
  <testcase classname="orangeHRM.deleteCustomer" name="TC_OHRM_DC_04" time="0.0">
    <ignored/>
  </testcase> <!-- TC_OHRM_DC_04 -->
  <testcase classname="orangeHRM.deleteCustomer" name="TC_OHRM_DC_01" time="0.0">
    <ignored/>
  </testcase> <!-- TC_OHRM_DC_01 -->
  <testcase classname="orangeHRM.deleteCustomer" name="TC_OHRM_DC_02" time="0.0">
    <ignored/>
  </testcase> <!-- TC_OHRM_DC_02 -->
</testsuite> <!-- Default test -->
