<?xml version="1.0" encoding="UTF-8"?>
<!-- Generated by org.testng.reporters.JUnitXMLReporter -->
<testsuite ignored="0" hostname="LAPTOP-GVCVA9N0" failures="0" tests="7" name="Default test" time="103.075" errors="0" timestamp="2023-08-04T16:18:42 ICT">
  <testcase classname="test.TestOrangeHRMCustomer" name="TC_OHRM_DC_01" time="6.918"/>
  <testcase classname="test.TestOrangeHRMCustomer" name="TC_OHRM_DC_02" time="9.697"/>
  <testcase classname="test.TestOrangeHRMCustomer" name="TC_OHRM_DC_03" time="13.974"/>
  <testcase classname="test.TestOrangeHRMCustomer" name="TC_OHRM_DC_04" time="13.087"/>
  <testcase classname="test.TestOrangeHRMCustomer" name="TC_OHRM_DC_05" time="0.937"/>
  <testcase classname="test.TestOrangeHRMCustomer" name="TC_OHRM_DC_06" time="7.064"/>
  <testcase classname="test.TestOrangeHRMCustomer" name="TC_OHRM_DC_07" time="7.411"/>
</testsuite> <!-- Default test -->
