<?xml version="1.0" encoding="UTF-8"?>
<!-- Generated by org.testng.reporters.JUnitXMLReporter -->
<testsuite ignored="18" hostname="LAPTOP-GVCVA9N0" failures="0" tests="13" name="Test" time="128.203" errors="0" timestamp="2023-08-14T20:56:27 ICT">
  <testcase classname="testcases.TestOrangeHRMProject" name="TC_OHRM_AP_01" time="6.285"/>
  <testcase classname="testcases.TestOrangeHRMProject" name="TC_OHRM_AP_02" time="6.406"/>
  <testcase classname="testcases.TestOrangeHRMProject" name="TC_OHRM_AP_03" time="6.512"/>
  <testcase classname="testcases.TestOrangeHRMProject" name="TC_OHRM_AP_04" time="9.116"/>
  <testcase classname="testcases.TestOrangeHRMProject" name="TC_OHRM_AP_05" time="7.401"/>
  <testcase classname="testcases.TestOrangeHRMProject" name="TC_OHRM_AP_06" time="5.938"/>
  <testcase classname="testcases.TestOrangeHRMProject" name="TC_OHRM_AP_07" time="4.511"/>
  <testcase classname="testcases.TestOrangeHRMProject" name="TC_OHRM_AP_08" time="3.05"/>
  <testcase classname="testcases.TestOrangeHRMProject" name="TC_OHRM_AP_09" time="3.419"/>
  <testcase classname="testcases.TestOrangeHRMProject" name="TC_OHRM_AP_10" time="4.834"/>
  <testcase classname="testcases.TestOrangeHRMProject" name="TC_OHRM_AP_11" time="4.229"/>
  <testcase classname="testcases.TestOrangeHRMProject" name="TC_OHRM_AP_12" time="4.815"/>
  <testcase classname="testcases.TestOrangeHRMProject" name="TC_OHRM_AP_13" time="4.202"/>
  <testcase classname="testcases.TestOrangeHRMCustomer" name="TC_OHRM_DC_04" time="0.0">
    <ignored/>
  </testcase> <!-- TC_OHRM_DC_04 -->
  <testcase classname="testcases.TestOrangeHRMCustomer" name="TC_OHRM_DC_05" time="0.0">
    <ignored/>
  </testcase> <!-- TC_OHRM_DC_05 -->
  <testcase classname="testcases.TestOrangeHRMCustomer" name="TC_OHRM_DC_06" time="0.0">
    <ignored/>
  </testcase> <!-- TC_OHRM_DC_06 -->
  <testcase classname="testcases.TestOrangeHRMCustomer" name="TC_OHRM_DC_07" time="0.0">
    <ignored/>
  </testcase> <!-- TC_OHRM_DC_07 -->
  <testcase classname="testcases.TestOrangeHRMCustomer" name="TC_OHRM_EC_11" time="0.0">
    <ignored/>
  </testcase> <!-- TC_OHRM_EC_11 -->
  <testcase classname="testcases.TestOrangeHRMCustomer" name="TC_OHRM_EC_10" time="0.0">
    <ignored/>
  </testcase> <!-- TC_OHRM_EC_10 -->
  <testcase classname="testcases.TestOrangeHRMCustomer" name="TC_OHRM_EC_01" time="0.0">
    <ignored/>
  </testcase> <!-- TC_OHRM_EC_01 -->
  <testcase classname="testcases.TestOrangeHRMCustomer" name="TC_OHRM_DC_03" time="0.0">
    <ignored/>
  </testcase> <!-- TC_OHRM_DC_03 -->
  <testcase classname="testcases.TestOrangeHRMCustomer" name="TC_OHRM_EC_06" time="0.0">
    <ignored/>
  </testcase> <!-- TC_OHRM_EC_06 -->
  <testcase classname="testcases.TestOrangeHRMCustomer" name="TC_OHRM_EC_08" time="0.0">
    <ignored/>
  </testcase> <!-- TC_OHRM_EC_08 -->
  <testcase classname="testcases.TestOrangeHRMCustomer" name="TC_OHRM_EC_07" time="0.0">
    <ignored/>
  </testcase> <!-- TC_OHRM_EC_07 -->
  <testcase classname="testcases.TestOrangeHRMCustomer" name="TC_OHRM_DC_01" time="0.0">
    <ignored/>
  </testcase> <!-- TC_OHRM_DC_01 -->
  <testcase classname="testcases.TestOrangeHRMCustomer" name="TC_OHRM_EC_02" time="0.0">
    <ignored/>
  </testcase> <!-- TC_OHRM_EC_02 -->
  <testcase classname="testcases.TestOrangeHRMCustomer" name="TC_OHRM_DC_02" time="0.0">
    <ignored/>
  </testcase> <!-- TC_OHRM_DC_02 -->
  <testcase classname="testcases.TestOrangeHRMCustomer" name="TC_OHRM_EC_09" time="0.0">
    <ignored/>
  </testcase> <!-- TC_OHRM_EC_09 -->
  <testcase classname="testcases.TestOrangeHRMCustomer" name="TC_OHRM_EC_04" time="0.0">
    <ignored/>
  </testcase> <!-- TC_OHRM_EC_04 -->
  <testcase classname="testcases.TestOrangeHRMCustomer" name="TC_OHRM_EC_03" time="0.0">
    <ignored/>
  </testcase> <!-- TC_OHRM_EC_03 -->
  <testcase classname="testcases.TestOrangeHRMCustomer" name="TC_OHRM_EC_05" time="0.0">
    <ignored/>
  </testcase> <!-- TC_OHRM_EC_05 -->
</testsuite> <!-- Test -->
