<?xml version="1.0" encoding="UTF-8"?>
<!-- Generated by org.testng.reporters.JUnitXMLReporter -->
<testsuite ignored="7" hostname="LAPTOP-1NJ5AF6I" failures="0" tests="11" name="Test" time="154.085" errors="0" timestamp="2023-08-11T18:36:10 ICT">
  <testcase classname="testcases.TestOrangeHRMCustomer" name="TC_OHRM_EC_01" time="14.823"/>
  <testcase classname="testcases.TestOrangeHRMCustomer" name="TC_OHRM_EC_02" time="8.623"/>
  <testcase classname="testcases.TestOrangeHRMCustomer" name="TC_OHRM_EC_03" time="8.764"/>
  <testcase classname="testcases.TestOrangeHRMCustomer" name="TC_OHRM_EC_04" time="8.687"/>
  <testcase classname="testcases.TestOrangeHRMCustomer" name="TC_OHRM_EC_05" time="8.94"/>
  <testcase classname="testcases.TestOrangeHRMCustomer" name="TC_OHRM_EC_06" time="7.329"/>
  <testcase classname="testcases.TestOrangeHRMCustomer" name="TC_OHRM_EC_07" time="7.336"/>
  <testcase classname="testcases.TestOrangeHRMCustomer" name="TC_OHRM_EC_08" time="7.267"/>
  <testcase classname="testcases.TestOrangeHRMCustomer" name="TC_OHRM_EC_09" time="7.319"/>
  <testcase classname="testcases.TestOrangeHRMCustomer" name="TC_OHRM_EC_10" time="7.677"/>
  <testcase classname="testcases.TestOrangeHRMCustomer" name="TC_OHRM_EC_11" time="7.73"/>
  <testcase classname="testcases.TestOrangeHRMCustomer" name="TC_OHRM_DC_06" time="0.0">
    <ignored/>
  </testcase> <!-- TC_OHRM_DC_06 -->
  <testcase classname="testcases.TestOrangeHRMCustomer" name="TC_OHRM_DC_05" time="0.0">
    <ignored/>
  </testcase> <!-- TC_OHRM_DC_05 -->
  <testcase classname="testcases.TestOrangeHRMCustomer" name="TC_OHRM_DC_04" time="0.0">
    <ignored/>
  </testcase> <!-- TC_OHRM_DC_04 -->
  <testcase classname="testcases.TestOrangeHRMCustomer" name="TC_OHRM_DC_03" time="0.0">
    <ignored/>
  </testcase> <!-- TC_OHRM_DC_03 -->
  <testcase classname="testcases.TestOrangeHRMCustomer" name="TC_OHRM_DC_07" time="0.0">
    <ignored/>
  </testcase> <!-- TC_OHRM_DC_07 -->
  <testcase classname="testcases.TestOrangeHRMCustomer" name="TC_OHRM_DC_02" time="0.0">
    <ignored/>
  </testcase> <!-- TC_OHRM_DC_02 -->
  <testcase classname="testcases.TestOrangeHRMCustomer" name="TC_OHRM_DC_01" time="0.0">
    <ignored/>
  </testcase> <!-- TC_OHRM_DC_01 -->
</testsuite> <!-- Test -->
