<?xml version="1.0" encoding="UTF-8"?>
<!-- Generated by org.testng.reporters.JUnitXMLReporter -->
<testsuite ignored="2" hostname="LAPTOP-GVCVA9N0" failures="0" tests="4" name="flipkart" time="31.536" errors="0" timestamp="2023-07-14T19:31:00 ICT">
  <testcase classname="exercise.Week06" name="@BeforeMethod verifyHomepageTitle" time="0.018">
    <failure type="java.lang.AssertionError" message="expected [Welcome: Mercury Tours] but found [Register: Mercury Tours]">
      <![CDATA[java.lang.AssertionError: expected [Welcome: Mercury Tours] but found [Register: Mercury Tours]
at exercise.Week06.verifyHomepageTitle(Week06.java:33)
at java.base/java.util.ArrayList.forEach(ArrayList.java:1511)
at java.base/java.util.concurrent.FutureTask.run(FutureTask.java:264)
at java.base/java.util.concurrent.ThreadPoolExecutor.runWorker(ThreadPoolExecutor.java:1136)
at java.base/java.util.concurrent.ThreadPoolExecutor$Worker.run(ThreadPoolExecutor.java:635)
at java.base/java.lang.Thread.run(Thread.java:833)
... Removed 27 stack frames]]>
    </failure>
  </testcase> <!-- @BeforeMethod verifyHomepageTitle -->
  <testcase classname="exercise.Week06" name="@AfterMethod goBackToHome" time="0.0">
    <skipped/>
  </testcase> <!-- @AfterMethod goBackToHome -->
  <testcase classname="exercise.Week06" name="@BeforeMethod verifyHomepageTitle" time="0.0">
    <skipped/>
  </testcase> <!-- @BeforeMethod verifyHomepageTitle -->
  <testcase classname="exercise.Week06" name="@AfterMethod goBackToHome" time="0.0">
    <skipped/>
  </testcase> <!-- @AfterMethod goBackToHome -->
  <testcase classname="exercise.Week05" name="test" time="15.035"/>
  <testcase classname="exercise.Week06" name="verifyRegisterSuccessfully" time="3.863"/>
  <testcase classname="exercise.Week06" name="verifyLoginSuccessfully" time="0.0">
    <skipped/>
  </testcase> <!-- verifyLoginSuccessfully -->
  <testcase classname="exercise.Week06" name="verifyFindFlightTicket" time="0.0">
    <skipped/>
  </testcase> <!-- verifyFindFlightTicket -->
  <testcase classname="exercise.Week06" name="support" time="0.0">
    <ignored/>
  </testcase> <!-- support -->
  <testcase classname="exercise.Week06" name="register" time="0.0">
    <ignored/>
  </testcase> <!-- register -->
</testsuite> <!-- flipkart -->
