<?xml version="1.0" encoding="UTF-8"?>
<testng-results ignored="0" total="11" passed="11" failed="0" skipped="0">
  <reporter-output>
  </reporter-output>
  <suite started-at="2023-08-11T18:33:36 ICT" name="Suite" finished-at="2023-08-11T18:36:10 ICT" duration-ms="154085">
    <groups>
      <group name="edit-customer">
        <method signature="TestOrangeHRMCustomer.TC_OHRM_EC_01()[pri:0, instance:testcases.TestOrangeHRMCustomer@5032714f]" name="TC_OHRM_EC_01" class="testcases.TestOrangeHRMCustomer"/>
        <method signature="TestOrangeHRMCustomer.TC_OHRM_EC_02()[pri:0, instance:testcases.TestOrangeHRMCustomer@5032714f]" name="TC_OHRM_EC_02" class="testcases.TestOrangeHRMCustomer"/>
        <method signature="TestOrangeHRMCustomer.TC_OHRM_EC_03()[pri:0, instance:testcases.TestOrangeHRMCustomer@5032714f]" name="TC_OHRM_EC_03" class="testcases.TestOrangeHRMCustomer"/>
        <method signature="TestOrangeHRMCustomer.TC_OHRM_EC_04()[pri:0, instance:testcases.TestOrangeHRMCustomer@5032714f]" name="TC_OHRM_EC_04" class="testcases.TestOrangeHRMCustomer"/>
        <method signature="TestOrangeHRMCustomer.TC_OHRM_EC_05()[pri:0, instance:testcases.TestOrangeHRMCustomer@5032714f]" name="TC_OHRM_EC_05" class="testcases.TestOrangeHRMCustomer"/>
        <method signature="TestOrangeHRMCustomer.TC_OHRM_EC_06()[pri:0, instance:testcases.TestOrangeHRMCustomer@5032714f]" name="TC_OHRM_EC_06" class="testcases.TestOrangeHRMCustomer"/>
        <method signature="TestOrangeHRMCustomer.TC_OHRM_EC_07()[pri:0, instance:testcases.TestOrangeHRMCustomer@5032714f]" name="TC_OHRM_EC_07" class="testcases.TestOrangeHRMCustomer"/>
        <method signature="TestOrangeHRMCustomer.TC_OHRM_EC_08()[pri:0, instance:testcases.TestOrangeHRMCustomer@5032714f]" name="TC_OHRM_EC_08" class="testcases.TestOrangeHRMCustomer"/>
        <method signature="TestOrangeHRMCustomer.TC_OHRM_EC_09()[pri:0, instance:testcases.TestOrangeHRMCustomer@5032714f]" name="TC_OHRM_EC_09" class="testcases.TestOrangeHRMCustomer"/>
        <method signature="TestOrangeHRMCustomer.TC_OHRM_EC_10()[pri:0, instance:testcases.TestOrangeHRMCustomer@5032714f]" name="TC_OHRM_EC_10" class="testcases.TestOrangeHRMCustomer"/>
        <method signature="TestOrangeHRMCustomer.TC_OHRM_EC_11()[pri:0, instance:testcases.TestOrangeHRMCustomer@5032714f]" name="TC_OHRM_EC_11" class="testcases.TestOrangeHRMCustomer"/>
      </group> <!-- edit-customer -->
    </groups>
    <test started-at="2023-08-11T18:33:36 ICT" name="Test" finished-at="2023-08-11T18:36:10 ICT" duration-ms="154085">
      <class name="testcases.TestOrangeHRMCustomer">
        <test-method is-config="true" signature="beforeTest()[pri:0, instance:testcases.TestOrangeHRMCustomer@5032714f]" started-at="2023-08-11T18:33:36 ICT" name="beforeTest" finished-at="2023-08-11T18:34:07 ICT" duration-ms="30606" status="PASS">
          <reporter-output>
          </reporter-output>
        </test-method> <!-- beforeTest -->
        <test-method is-config="true" signature="beforeMethod()[pri:0, instance:testcases.TestOrangeHRMCustomer@5032714f]" started-at="2023-08-11T18:34:07 ICT" name="beforeMethod" finished-at="2023-08-11T18:34:09 ICT" duration-ms="2747" status="PASS">
          <reporter-output>
          </reporter-output>
        </test-method> <!-- beforeMethod -->
        <test-method signature="TC_OHRM_EC_01()[pri:0, instance:testcases.TestOrangeHRMCustomer@5032714f]" started-at="2023-08-11T18:34:09 ICT" name="TC_OHRM_EC_01" finished-at="2023-08-11T18:34:24 ICT" duration-ms="14823" status="PASS">
          <reporter-output>
          </reporter-output>
        </test-method> <!-- TC_OHRM_EC_01 -->
        <test-method is-config="true" signature="beforeMethod()[pri:0, instance:testcases.TestOrangeHRMCustomer@5032714f]" started-at="2023-08-11T18:34:24 ICT" name="beforeMethod" finished-at="2023-08-11T18:34:27 ICT" duration-ms="2766" status="PASS">
          <reporter-output>
          </reporter-output>
        </test-method> <!-- beforeMethod -->
        <test-method signature="TC_OHRM_EC_02()[pri:0, instance:testcases.TestOrangeHRMCustomer@5032714f]" started-at="2023-08-11T18:34:27 ICT" name="TC_OHRM_EC_02" finished-at="2023-08-11T18:34:36 ICT" duration-ms="8623" status="PASS">
          <reporter-output>
          </reporter-output>
        </test-method> <!-- TC_OHRM_EC_02 -->
        <test-method is-config="true" signature="beforeMethod()[pri:0, instance:testcases.TestOrangeHRMCustomer@5032714f]" started-at="2023-08-11T18:34:36 ICT" name="beforeMethod" finished-at="2023-08-11T18:34:38 ICT" duration-ms="2197" status="PASS">
          <reporter-output>
          </reporter-output>
        </test-method> <!-- beforeMethod -->
        <test-method signature="TC_OHRM_EC_03()[pri:0, instance:testcases.TestOrangeHRMCustomer@5032714f]" started-at="2023-08-11T18:34:38 ICT" name="TC_OHRM_EC_03" finished-at="2023-08-11T18:34:47 ICT" duration-ms="8764" status="PASS">
          <reporter-output>
          </reporter-output>
        </test-method> <!-- TC_OHRM_EC_03 -->
        <test-method is-config="true" signature="beforeMethod()[pri:0, instance:testcases.TestOrangeHRMCustomer@5032714f]" started-at="2023-08-11T18:34:47 ICT" name="beforeMethod" finished-at="2023-08-11T18:34:49 ICT" duration-ms="2525" status="PASS">
          <reporter-output>
          </reporter-output>
        </test-method> <!-- beforeMethod -->
        <test-method signature="TC_OHRM_EC_04()[pri:0, instance:testcases.TestOrangeHRMCustomer@5032714f]" started-at="2023-08-11T18:34:49 ICT" name="TC_OHRM_EC_04" finished-at="2023-08-11T18:34:58 ICT" duration-ms="8687" status="PASS">
          <reporter-output>
          </reporter-output>
        </test-method> <!-- TC_OHRM_EC_04 -->
        <test-method is-config="true" signature="beforeMethod()[pri:0, instance:testcases.TestOrangeHRMCustomer@5032714f]" started-at="2023-08-11T18:34:58 ICT" name="beforeMethod" finished-at="2023-08-11T18:35:00 ICT" duration-ms="2646" status="PASS">
          <reporter-output>
          </reporter-output>
        </test-method> <!-- beforeMethod -->
        <test-method signature="TC_OHRM_EC_05()[pri:0, instance:testcases.TestOrangeHRMCustomer@5032714f]" started-at="2023-08-11T18:35:00 ICT" name="TC_OHRM_EC_05" finished-at="2023-08-11T18:35:09 ICT" duration-ms="8940" status="PASS">
          <reporter-output>
          </reporter-output>
        </test-method> <!-- TC_OHRM_EC_05 -->
        <test-method is-config="true" signature="beforeMethod()[pri:0, instance:testcases.TestOrangeHRMCustomer@5032714f]" started-at="2023-08-11T18:35:09 ICT" name="beforeMethod" finished-at="2023-08-11T18:35:12 ICT" duration-ms="2852" status="PASS">
          <reporter-output>
          </reporter-output>
        </test-method> <!-- beforeMethod -->
        <test-method signature="TC_OHRM_EC_06()[pri:0, instance:testcases.TestOrangeHRMCustomer@5032714f]" started-at="2023-08-11T18:35:12 ICT" name="TC_OHRM_EC_06" finished-at="2023-08-11T18:35:20 ICT" duration-ms="7329" status="PASS">
          <reporter-output>
          </reporter-output>
        </test-method> <!-- TC_OHRM_EC_06 -->
        <test-method is-config="true" signature="beforeMethod()[pri:0, instance:testcases.TestOrangeHRMCustomer@5032714f]" started-at="2023-08-11T18:35:20 ICT" name="beforeMethod" finished-at="2023-08-11T18:35:22 ICT" duration-ms="2623" status="PASS">
          <reporter-output>
          </reporter-output>
        </test-method> <!-- beforeMethod -->
        <test-method signature="TC_OHRM_EC_07()[pri:0, instance:testcases.TestOrangeHRMCustomer@5032714f]" started-at="2023-08-11T18:35:22 ICT" name="TC_OHRM_EC_07" finished-at="2023-08-11T18:35:29 ICT" duration-ms="7336" status="PASS">
          <reporter-output>
          </reporter-output>
        </test-method> <!-- TC_OHRM_EC_07 -->
        <test-method is-config="true" signature="beforeMethod()[pri:0, instance:testcases.TestOrangeHRMCustomer@5032714f]" started-at="2023-08-11T18:35:29 ICT" name="beforeMethod" finished-at="2023-08-11T18:35:32 ICT" duration-ms="2561" status="PASS">
          <reporter-output>
          </reporter-output>
        </test-method> <!-- beforeMethod -->
        <test-method signature="TC_OHRM_EC_08()[pri:0, instance:testcases.TestOrangeHRMCustomer@5032714f]" started-at="2023-08-11T18:35:32 ICT" name="TC_OHRM_EC_08" finished-at="2023-08-11T18:35:39 ICT" duration-ms="7267" status="PASS">
          <reporter-output>
          </reporter-output>
        </test-method> <!-- TC_OHRM_EC_08 -->
        <test-method is-config="true" signature="beforeMethod()[pri:0, instance:testcases.TestOrangeHRMCustomer@5032714f]" started-at="2023-08-11T18:35:39 ICT" name="beforeMethod" finished-at="2023-08-11T18:35:42 ICT" duration-ms="2569" status="PASS">
          <reporter-output>
          </reporter-output>
        </test-method> <!-- beforeMethod -->
        <test-method signature="TC_OHRM_EC_09()[pri:0, instance:testcases.TestOrangeHRMCustomer@5032714f]" started-at="2023-08-11T18:35:42 ICT" name="TC_OHRM_EC_09" finished-at="2023-08-11T18:35:49 ICT" duration-ms="7319" status="PASS">
          <reporter-output>
          </reporter-output>
        </test-method> <!-- TC_OHRM_EC_09 -->
        <test-method is-config="true" signature="beforeMethod()[pri:0, instance:testcases.TestOrangeHRMCustomer@5032714f]" started-at="2023-08-11T18:35:49 ICT" name="beforeMethod" finished-at="2023-08-11T18:35:52 ICT" duration-ms="2500" status="PASS">
          <reporter-output>
          </reporter-output>
        </test-method> <!-- beforeMethod -->
        <test-method signature="TC_OHRM_EC_10()[pri:0, instance:testcases.TestOrangeHRMCustomer@5032714f]" started-at="2023-08-11T18:35:52 ICT" name="TC_OHRM_EC_10" finished-at="2023-08-11T18:35:59 ICT" duration-ms="7677" status="PASS">
          <reporter-output>
          </reporter-output>
        </test-method> <!-- TC_OHRM_EC_10 -->
        <test-method is-config="true" signature="beforeMethod()[pri:0, instance:testcases.TestOrangeHRMCustomer@5032714f]" started-at="2023-08-11T18:35:59 ICT" name="beforeMethod" finished-at="2023-08-11T18:36:02 ICT" duration-ms="2948" status="PASS">
          <reporter-output>
          </reporter-output>
        </test-method> <!-- beforeMethod -->
        <test-method signature="TC_OHRM_EC_11()[pri:0, instance:testcases.TestOrangeHRMCustomer@5032714f]" started-at="2023-08-11T18:36:02 ICT" name="TC_OHRM_EC_11" finished-at="2023-08-11T18:36:10 ICT" duration-ms="7730" status="PASS">
          <reporter-output>
          </reporter-output>
        </test-method> <!-- TC_OHRM_EC_11 -->
      </class> <!-- testcases.TestOrangeHRMCustomer -->
    </test> <!-- Test -->
  </suite> <!-- Suite -->
</testng-results>
